#
# A fatal error has been detected by the Java Runtime Environment:
#
#  SIGSEGV (0xb) at pc=0x000000356cb4759f, pid=3969, tid=140658397181696
#
# JRE version: 7.0_05-b06
# Java VM: Java HotSpot(TM) 64-Bit Server VM (23.1-b03 mixed mode linux-amd64 compressed oops)
# Problematic frame:
# C  [libc.so.6+0x14759f]  __tls_get_addr@@GLIBC_2.3+0x14759f
#
# Failed to write core dump. Core dumps have been disabled. To enable core dumping, try "ulimit -c unlimited" before starting Java again
#
# If you would like to submit a bug report, please visit:
#   http://bugreport.sun.com/bugreport/crash.jsp
# The crash happened outside the Java Virtual Machine in native code.
# See problematic frame for where to report the bug.
#

---------------  T H R E A D  ---------------

Current thread (0x00007fed24400000):  JavaThread "thread applet-org.javascool.webjavac.WebJavac-27" [_thread_in_native, id=7960, stack(0x00007fed95bc7000,0x00007fed95cc8000)]

siginfo:si_signo=SIGSEGV: si_errno=0, si_code=2 (SEGV_ACCERR), si_addr=0x00007fed956c2000

Registers:
RAX=0x00007fed24e137d0, RBX=0x0000000000007361, RCX=0x0000000000008000, RDX=0x0000000000003ed1
RSP=0x00007fed95cc4cf8, RBP=0x00007fed95cc4d50, RSI=0x00007fed956c1fe6, RDI=0x00007fed24e16b60
R8 =0x00007fed24e137d0, R9 =0x000000356cb47590, R10=0x0000000000007362, R11=0x000000356cb7c8c0
R12=0x00007fed956b5192, R13=0x00007fed248ac520, R14=0x0000000000006c63, R15=0x00007fed5812abe0
RIP=0x000000356cb4759f, EFLAGS=0x0000000000010206, CSGSFS=0x0000000000000033, ERR=0x0000000000000004
  TRAPNO=0x000000000000000e

Top of Stack: (sp=0x00007fed95cc4cf8)
0x00007fed95cc4cf8:   00007fedaca9acce 00000000be200d10
0x00007fed95cc4d08:   736163ed00000000 0000000000002e33
0x00007fed95cc4d18:   0000000008080800 00007fed248ac520
0x00007fed95cc4d28:   00007fed5812bb60 00007fed5812abe0
0x00007fed95cc4d38:   00007fed24f18a70 00000000e259c479
0x00007fed95cc4d48:   00007fed95cc4db0 00007fed95cc4d90
0x00007fed95cc4d58:   00007fedaca9b1c8 0000002595cc4d90
0x00007fed95cc4d68:   00007fed95cc4db0 0000000000000025
0x00007fed95cc4d78:   00007fed244001d8 00007fed95cc4db0
0x00007fed95cc4d88:   00007fed95cc5290 00007fed95cc51f0
0x00007fed95cc4d98:   00007fedaca99ffd 01007fed95cc5320
0x00007fed95cc4da8:   00007fed5812abe0 6176616a2f67726f
0x00007fed95cc4db8:   65772f6c6f6f6373 572f636176616a62
0x00007fed95cc4dc8:   2e636176614a6265 0000007373616c63
0x00007fed95cc4dd8:   00007fed64506660 00007fed64506a38
0x00007fed95cc4de8:   00007fed240ca900 004f00000000003c
0x00007fed95cc4df8:   00000000000001e0 0000000000000000
0x00007fed95cc4e08:   0000000000000002 0000000000000004
0x00007fed95cc4e18:   0000000000000000 000000000000000c
0x00007fed95cc4e28:   000000000000000e 0000000000000010
0x00007fed95cc4e38:   0000000000000012 0000000000000014
0x00007fed95cc4e48:   0000000000000016 0000000000000018
0x00007fed95cc4e58:   000000000000001a 000000000000001c
0x00007fed95cc4e68:   000000000000001e 0000000000000030
0x00007fed95cc4e78:   0000000000000032 0000000000000000
0x00007fed95cc4e88:   0000000000000036 0000000000000038
0x00007fed95cc4e98:   000000000000003a 000000000000003c
0x00007fed95cc4ea8:   000000000000003e 0000000000000040
0x00007fed95cc4eb8:   0000000000000042 0000000000000044
0x00007fed95cc4ec8:   0000000000000046 0000000000000048
0x00007fed95cc4ed8:   000000000000004a 0000000000000000
0x00007fed95cc4ee8:   000000000000004e 0000000000000001 

Instructions: (pc=0x000000356cb4759f)
0x000000356cb4757f:   8d 14 13 ff e2 0f 0b 66 2e 0f 1f 84 00 00 00 00
0x000000356cb4758f:   00 48 81 ea 80 00 00 00 0f 28 4e fa 0f 28 56 0a
0x000000356cb4759f:   0f 28 5e 1a 0f 28 66 2a 0f 28 6e 3a 0f 28 76 4a
0x000000356cb475af:   0f 28 7e 5a 44 0f 28 46 6a 44 0f 28 4e 7a 48 8d 

Register to memory mapping:

RAX=0x00007fed24e137d0 is an unknown value
RBX=0x0000000000007361 is an unknown value
RCX=0x0000000000008000 is an unknown value
RDX=0x0000000000003ed1 is an unknown value
RSP=0x00007fed95cc4cf8 is pointing into the stack for thread: 0x00007fed24400000
RBP=0x00007fed95cc4d50 is pointing into the stack for thread: 0x00007fed24400000
RSI=0x00007fed956c1fe6 is an unknown value
RDI=0x00007fed24e16b60 is an unknown value
R8 =0x00007fed24e137d0 is an unknown value
R9 =0x000000356cb47590: <offset 0x147590> in /lib64/libc.so.6 at 0x000000356ca00000
R10=0x0000000000007362 is an unknown value
R11=0x000000356cb7c8c0: <offset 0x17c8c0> in /lib64/libc.so.6 at 0x000000356ca00000
R12=0x00007fed956b5192 is an unknown value
R13=0x00007fed248ac520 is an unknown value
R14=0x0000000000006c63 is an unknown value
R15=0x00007fed5812abe0 is an unknown value


Stack: [0x00007fed95bc7000,0x00007fed95cc8000],  sp=0x00007fed95cc4cf8,  free space=1015k
Native frames: (J=compiled Java code, j=interpreted, Vv=VM code, C=native code)
C  [libc.so.6+0x14759f]  __tls_get_addr@@GLIBC_2.3+0x14759f
C  [libzip.so+0x51c8]  ZIP_GetEntry+0xd8
C  [libzip.so+0x3ffd]  Java_java_util_zip_ZipFile_getEntry+0xad
j  java.util.zip.ZipFile.getEntry(J[BZ)J+0
j  java.util.zip.ZipFile.getEntry(Ljava/lang/String;)Ljava/util/zip/ZipEntry;+38
j  java.util.jar.JarFile.getEntry(Ljava/lang/String;)Ljava/util/zip/ZipEntry;+2
j  java.util.jar.JarFile.getJarEntry(Ljava/lang/String;)Ljava/util/jar/JarEntry;+2
j  com.sun.deploy.security.DeployURLClassPath$JarLoader.getResource(Ljava/lang/String;ZLcom/sun/deploy/security/DeployURLClassPath$PathIterator;)Lsun/misc/Resource;+59
j  com.sun.deploy.security.DeployURLClassPath$JarLoader.findResource(Ljava/lang/String;ZLcom/sun/deploy/security/DeployURLClassPath$PathIterator;)Ljava/net/URL;+4
j  com.sun.deploy.security.DeployURLClassPath.findResource(Ljava/lang/String;Z)Ljava/net/URL;+33
j  java.net.URLClassLoader$2.run()Ljava/net/URL;+12
j  java.net.URLClassLoader$2.run()Ljava/lang/Object;+1
v  ~StubRoutines::call_stub
V  [libjvm.so+0x54dfd5]  JavaCalls::call_helper(JavaValue*, methodHandle*, JavaCallArguments*, Thread*)+0x355
V  [libjvm.so+0x54caf8]  JavaCalls::call(JavaValue*, methodHandle, JavaCallArguments*, Thread*)+0x28
V  [libjvm.so+0x5a76f8]  JVM_DoPrivileged+0x218
j  java.security.AccessController.doPrivileged(Ljava/security/PrivilegedAction;Ljava/security/AccessControlContext;)Ljava/lang/Object;+0
j  java.net.URLClassLoader.findResource(Ljava/lang/String;)Ljava/net/URL;+13
j  sun.plugin2.applet.Applet2ClassLoader.findResource(Ljava/lang/String;)Ljava/net/URL;+2
j  java.lang.ClassLoader.getResource(Ljava/lang/String;)Ljava/net/URL;+30
j  java.lang.ClassLoader.getResource(Ljava/lang/String;)Ljava/net/URL;+12
j  java.net.URLClassLoader.getResourceAsStream(Ljava/lang/String;)Ljava/io/InputStream;+2
j  sun.plugin2.applet.Applet2ClassLoader.getResourceAsStream(Ljava/lang/String;)Ljava/io/InputStream;+30
j  com.sun.deploy.uitoolkit.impl.awt.AWTAppletAdapter$14.run()Ljava/lang/Object;+11
v  ~StubRoutines::call_stub
V  [libjvm.so+0x54dfd5]  JavaCalls::call_helper(JavaValue*, methodHandle*, JavaCallArguments*, Thread*)+0x355
V  [libjvm.so+0x54caf8]  JavaCalls::call(JavaValue*, methodHandle, JavaCallArguments*, Thread*)+0x28
V  [libjvm.so+0x5a76f8]  JVM_DoPrivileged+0x218
j  java.security.AccessController.doPrivileged(Ljava/security/PrivilegedAction;)Ljava/lang/Object;+0
j  com.sun.deploy.uitoolkit.impl.awt.AWTAppletAdapter.findAppletJDKLevel(Ljava/lang/Class;)V+90
j  com.sun.deploy.uitoolkit.impl.awt.AWTAppletAdapter.setApplet(Ljava/applet/Applet;)V+45
j  com.sun.deploy.uitoolkit.impl.awt.AWTAppletAdapter.instantiateApplet(Ljava/lang/Class;)V+88
j  sun.plugin2.applet.Plugin2Manager.initAppletAdapter()V+162
j  sun.plugin2.applet.Plugin2Manager$AppletExecutionRunnable.run()V+298
j  java.lang.Thread.run()V+11
v  ~StubRoutines::call_stub
V  [libjvm.so+0x54dfd5]  JavaCalls::call_helper(JavaValue*, methodHandle*, JavaCallArguments*, Thread*)+0x355
V  [libjvm.so+0x54caf8]  JavaCalls::call(JavaValue*, methodHandle, JavaCallArguments*, Thread*)+0x28
V  [libjvm.so+0x54cd8c]  JavaCalls::call_virtual(JavaValue*, KlassHandle, Symbol*, Symbol*, JavaCallArguments*, Thread*)+0x17c
V  [libjvm.so+0x54ceb7]  JavaCalls::call_virtual(JavaValue*, Handle, KlassHandle, Symbol*, Symbol*, Thread*)+0x47
V  [libjvm.so+0x5a6eef]  thread_entry(JavaThread*, Thread*)+0xdf
V  [libjvm.so+0x8602e8]  JavaThread::thread_main_inner()+0xc8
V  [libjvm.so+0x860438]  JavaThread::run()+0x138
V  [libjvm.so+0x7420a0]  java_start(Thread*)+0x100

Java frames: (J=compiled Java code, j=interpreted, Vv=VM code)
j  java.util.zip.ZipFile.getEntry(J[BZ)J+0
j  java.util.zip.ZipFile.getEntry(Ljava/lang/String;)Ljava/util/zip/ZipEntry;+38
j  java.util.jar.JarFile.getEntry(Ljava/lang/String;)Ljava/util/zip/ZipEntry;+2
j  java.util.jar.JarFile.getJarEntry(Ljava/lang/String;)Ljava/util/jar/JarEntry;+2
j  com.sun.deploy.security.DeployURLClassPath$JarLoader.getResource(Ljava/lang/String;ZLcom/sun/deploy/security/DeployURLClassPath$PathIterator;)Lsun/misc/Resource;+59
j  com.sun.deploy.security.DeployURLClassPath$JarLoader.findResource(Ljava/lang/String;ZLcom/sun/deploy/security/DeployURLClassPath$PathIterator;)Ljava/net/URL;+4
j  com.sun.deploy.security.DeployURLClassPath.findResource(Ljava/lang/String;Z)Ljava/net/URL;+33
j  java.net.URLClassLoader$2.run()Ljava/net/URL;+12
j  java.net.URLClassLoader$2.run()Ljava/lang/Object;+1
v  ~StubRoutines::call_stub
j  java.security.AccessController.doPrivileged(Ljava/security/PrivilegedAction;Ljava/security/AccessControlContext;)Ljava/lang/Object;+0
j  java.net.URLClassLoader.findResource(Ljava/lang/String;)Ljava/net/URL;+13
j  sun.plugin2.applet.Applet2ClassLoader.findResource(Ljava/lang/String;)Ljava/net/URL;+2
j  java.lang.ClassLoader.getResource(Ljava/lang/String;)Ljava/net/URL;+30
j  java.lang.ClassLoader.getResource(Ljava/lang/String;)Ljava/net/URL;+12
j  java.net.URLClassLoader.getResourceAsStream(Ljava/lang/String;)Ljava/io/InputStream;+2
j  sun.plugin2.applet.Applet2ClassLoader.getResourceAsStream(Ljava/lang/String;)Ljava/io/InputStream;+30
j  com.sun.deploy.uitoolkit.impl.awt.AWTAppletAdapter$14.run()Ljava/lang/Object;+11
v  ~StubRoutines::call_stub
j  java.security.AccessController.doPrivileged(Ljava/security/PrivilegedAction;)Ljava/lang/Object;+0
j  com.sun.deploy.uitoolkit.impl.awt.AWTAppletAdapter.findAppletJDKLevel(Ljava/lang/Class;)V+90
j  com.sun.deploy.uitoolkit.impl.awt.AWTAppletAdapter.setApplet(Ljava/applet/Applet;)V+45
j  com.sun.deploy.uitoolkit.impl.awt.AWTAppletAdapter.instantiateApplet(Ljava/lang/Class;)V+88
j  sun.plugin2.applet.Plugin2Manager.initAppletAdapter()V+162
j  sun.plugin2.applet.Plugin2Manager$AppletExecutionRunnable.run()V+298
j  java.lang.Thread.run()V+11
v  ~StubRoutines::call_stub

---------------  P R O C E S S  ---------------

Java Threads: ( => current thread )
  0x00007fed25298800 JavaThread "Thread-180" daemon [_thread_blocked, id=7972, stack(0x00007fed957c3000,0x00007fed958c4000)]
  0x00007fed24895800 JavaThread "ProgressReporter" daemon [_thread_blocked, id=7971, stack(0x00007fed958c4000,0x00007fed959c5000)]
  0x00007fed2444c800 JavaThread "Thread-178" daemon [_thread_blocked, id=7970, stack(0x00007fed96600000,0x00007fed96701000)]
  0x00007fed2444c000 JavaThread "ProgressReporter" daemon [_thread_blocked, id=7968, stack(0x00007fed96813000,0x00007fed96914000)]
  0x00007fed2527c800 JavaThread "thread applet-org.javascool.polyfilewriter.PolyFileWriter-28" [_thread_blocked, id=7963, stack(0x00007fed9c072000,0x00007fed9c173000)]
=>0x00007fed24400000 JavaThread "thread applet-org.javascool.webjavac.WebJavac-27" [_thread_in_native, id=7960, stack(0x00007fed95bc7000,0x00007fed95cc8000)]
  0x00007feda812d800 JavaThread "Applet 28 LiveConnect Worker Thread" [_thread_blocked, id=7958, stack(0x00007fed956c2000,0x00007fed957c3000)]
  0x00007fed2408c000 JavaThread "AWT-EventQueue-15" [_thread_blocked, id=7956, stack(0x00007fed959c5000,0x00007fed95ac6000)]
  0x00007feda81f3000 JavaThread "Applet 27 LiveConnect Worker Thread" [_thread_blocked, id=7954, stack(0x00007fed95f46000,0x00007fed96047000)]
  0x00007feda81f6000 JavaThread "Thread-172" [_thread_blocked, id=7947, stack(0x00007fed973a1000,0x00007fed974a2000)]
  0x00007fed1c23b800 JavaThread "TimerQueue" daemon [_thread_blocked, id=4030, stack(0x00007fed95ac6000,0x00007fed95bc7000)]
  0x00007fed5811e000 JavaThread "ConsoleTraceListener" daemon [_thread_blocked, id=4021, stack(0x00007fed9719f000,0x00007fed972a0000)]
  0x00007fed2404f800 JavaThread "AWT-EventQueue-1" [_thread_blocked, id=4019, stack(0x00007fed975a3000,0x00007fed976a4000)]
  0x00007feda81f7800 JavaThread "JVM[id=1]-Heartbeat" daemon [_thread_blocked, id=4018, stack(0x00007fed972a0000,0x00007fed973a1000)]
  0x00007feda81d3000 JavaThread "Browser Side Object Cleanup Thread" [_thread_blocked, id=4010, stack(0x00007fed976a4000,0x00007fed977a5000)]
  0x00007fed580ce000 JavaThread "CacheMemoryCleanUpThread" daemon [_thread_blocked, id=4003, stack(0x00007fed979a7000,0x00007fed97aa8000)]
  0x00007fed580c1800 JavaThread "AWT-EventQueue-0" [_thread_blocked, id=4000, stack(0x00007fed977a5000,0x00007fed978a6000)]
  0x00007fed580bf800 JavaThread "AWT-Shutdown" [_thread_blocked, id=3999, stack(0x00007fed978a6000,0x00007fed979a7000)]
  0x00007feda81a7000 JavaThread "SysExecutionTheadCreator" daemon [_thread_blocked, id=3997, stack(0x00007fed97aa8000,0x00007fed97ba9000)]
  0x00007fed580bd000 JavaThread "AWT-XAWT" daemon [_thread_in_native, id=3995, stack(0x00007fed97ba9000,0x00007fed97caa000)]
  0x00007fed58080800 JavaThread "Java2D Disposer" daemon [_thread_blocked, id=3994, stack(0x00007fed97caa000,0x00007fed97dab000)]
  0x00007feda8194800 JavaThread "Java Plug-In Pipe Worker Thread (Client-Side)" daemon [_thread_in_native, id=3992, stack(0x00007fed9c445000,0x00007fed9c546000)]
  0x00007feda8177800 JavaThread "Timer-0" [_thread_blocked, id=3989, stack(0x00007fed9c647000,0x00007fed9c748000)]
  0x00007feda811c800 JavaThread "traceMsgQueueThread" daemon [_thread_blocked, id=3988, stack(0x00007fed9cb6f000,0x00007fed9cc70000)]
  0x00007feda80f6000 JavaThread "Service Thread" daemon [_thread_blocked, id=3986, stack(0x00007fed9cf9e000,0x00007fed9d09f000)]
  0x00007feda80f4000 JavaThread "C2 CompilerThread1" daemon [_thread_blocked, id=3985, stack(0x00007fed9d09f000,0x00007fed9d1a0000)]
  0x00007feda80f1000 JavaThread "C2 CompilerThread0" daemon [_thread_blocked, id=3984, stack(0x00007fed9d1a0000,0x00007fed9d2a1000)]
  0x00007feda80ee800 JavaThread "Signal Dispatcher" daemon [_thread_blocked, id=3983, stack(0x00007fed9d2a1000,0x00007fed9d3a2000)]
  0x00007feda80a6000 JavaThread "Finalizer" daemon [_thread_blocked, id=3982, stack(0x00007fed9d3a2000,0x00007fed9d4a3000)]
  0x00007feda80a3800 JavaThread "Reference Handler" daemon [_thread_blocked, id=3981, stack(0x00007fed9d4a3000,0x00007fed9d5a4000)]
  0x00007feda8007000 JavaThread "main" [_thread_blocked, id=3970, stack(0x00007fedad121000,0x00007fedad222000)]

Other Threads:
  0x00007feda809c000 VMThread [stack: 0x00007fed9d5a4000,0x00007fed9d6a5000] [id=3980]
  0x00007feda8100800 WatcherThread [stack: 0x00007fed9ce9d000,0x00007fed9cf9e000] [id=3987]

VM state:not at safepoint (normal execution)

VM Mutex/Monitor currently owned by a thread: None

Heap
 PSYoungGen      total 65152K, used 58632K [0x00000000ebc00000, 0x00000000f42b0000, 0x0000000100000000)
  eden space 57024K, 88% used [0x00000000ebc00000,0x00000000eed52bf0,0x00000000ef3b0000)
  from space 8128K, 99% used [0x00000000f3ac0000,0x00000000f42af520,0x00000000f42b0000)
  to   space 17216K, 0% used [0x00000000f2110000,0x00000000f2110000,0x00000000f31e0000)
 ParOldGen       total 61696K, used 29126K [0x00000000c3400000, 0x00000000c7040000, 0x00000000ebc00000)
  object space 61696K, 47% used [0x00000000c3400000,0x00000000c5071ad0,0x00000000c7040000)
 PSPermGen       total 35264K, used 23358K [0x00000000be200000, 0x00000000c0470000, 0x00000000c3400000)
  object space 35264K, 66% used [0x00000000be200000,0x00000000bf8cfad0,0x00000000c0470000)

Code Cache  [0x00007feda5000000, 0x00007feda5270000, 0x00007feda8000000)
 total_blobs=1283 nmethods=710 adapters=524 free_code_cache=46917Kb largest_free_block=47994048

Compilation events (10 events):
Event: 10835.751 Thread 0x00007feda80f1000 nmethod 743 0x00007feda5230450 code [0x00007feda5230580, 0x00007feda5230678]
Event: 10835.753 Thread 0x00007feda80f4000 nmethod 744 0x00007feda522ff90 code [0x00007feda52300e0, 0x00007feda52302d8]
Event: 10836.536 Thread 0x00007feda80f1000  745             sun.java2d.SurfaceData::getColorModel (5 bytes)
Event: 10836.536 Thread 0x00007feda80f1000 nmethod 745 0x00007feda522f850 code [0x00007feda522f980, 0x00007feda522f9d8]
Event: 11961.166 Thread 0x00007feda80f4000  746             sun.java2d.SurfaceData::getTransparency (8 bytes)
Event: 11961.167 Thread 0x00007feda80f4000 nmethod 746 0x00007feda522cd10 code [0x00007feda522ce60, 0x00007feda522cef8]
Event: 11961.501 Thread 0x00007feda80f1000  747             sun.awt.X11.XBaseWindow::getWindow (5 bytes)
Event: 11961.502 Thread 0x00007feda80f1000 nmethod 747 0x00007feda522fd10 code [0x00007feda522fe40, 0x00007feda522fe98]
Event: 11961.510 Thread 0x00007feda80f4000  748             java.lang.Long::toString (129 bytes)
Event: 11961.535 Thread 0x00007feda80f4000 nmethod 748 0x00007feda522dbd0 code [0x00007feda522dd60, 0x00007feda522e3e8]

GC Heap History (10 events):
Event: 45.889 GC heap before
{Heap before GC invocations=5 (full 0):
 PSYoungGen      total 33664K, used 33632K [0x00000000ebc00000, 0x00000000edf60000, 0x0000000100000000)
  eden space 31104K, 100% used [0x00000000ebc00000,0x00000000eda60000,0x00000000eda60000)
  from space 2560K, 98% used [0x00000000edce0000,0x00000000edf58210,0x00000000edf60000)
  to   space 2560K, 0% used [0x00000000eda60000,0x00000000eda60000,0x00000000edce0000)
 ParOldGen       total 41472K, used 11745K [0x00000000c3400000, 0x00000000c5c80000, 0x00000000ebc00000)
  object space 41472K, 28% used [0x00000000c3400000,0x00000000c3f784f0,0x00000000c5c80000)
 PSPermGen       total 21248K, used 17479K [0x00000000be200000, 0x00000000bf6c0000, 0x00000000c3400000)
  object space 21248K, 82% used [0x00000000be200000,0x00000000bf311eb0,0x00000000bf6c0000)
Event: 45.904 GC heap after
Heap after GC invocations=5 (full 0):
 PSYoungGen      total 33664K, used 2528K [0x00000000ebc00000, 0x00000000f1ca0000, 0x0000000100000000)
  eden space 31104K, 0% used [0x00000000ebc00000,0x00000000ebc00000,0x00000000eda60000)
  from space 2560K, 98% used [0x00000000eda60000,0x00000000edcd8020,0x00000000edce0000)
  to   space 18368K, 0% used [0x00000000f0ab0000,0x00000000f0ab0000,0x00000000f1ca0000)
 ParOldGen       total 41472K, used 31306K [0x00000000c3400000, 0x00000000c5c80000, 0x00000000ebc00000)
  object space 41472K, 75% used [0x00000000c3400000,0x00000000c5292a30,0x00000000c5c80000)
 PSPermGen       total 21248K, used 17479K [0x00000000be200000, 0x00000000bf6c0000, 0x00000000c3400000)
  object space 21248K, 82% used [0x00000000be200000,0x00000000bf311eb0,0x00000000bf6c0000)
}
Event: 45.904 GC heap before
{Heap before GC invocations=6 (full 1):
 PSYoungGen      total 33664K, used 2528K [0x00000000ebc00000, 0x00000000f1ca0000, 0x0000000100000000)
  eden space 31104K, 0% used [0x00000000ebc00000,0x00000000ebc00000,0x00000000eda60000)
  from space 2560K, 98% used [0x00000000eda60000,0x00000000edcd8020,0x00000000edce0000)
  to   space 18368K, 0% used [0x00000000f0ab0000,0x00000000f0ab0000,0x00000000f1ca0000)
 ParOldGen       total 41472K, used 31306K [0x00000000c3400000, 0x00000000c5c80000, 0x00000000ebc00000)
  object space 41472K, 75% used [0x00000000c3400000,0x00000000c5292a30,0x00000000c5c80000)
 PSPermGen       total 21248K, used 17479K [0x00000000be200000, 0x00000000bf6c0000, 0x00000000c3400000)
  object space 21248K, 82% used [0x00000000be200000,0x00000000bf311eb0,0x00000000bf6c0000)
Event: 45.984 GC heap after
Heap after GC invocations=6 (full 1):
 PSYoungGen      total 33664K, used 0K [0x00000000ebc00000, 0x00000000f1ca0000, 0x0000000100000000)
  eden space 31104K, 0% used [0x00000000ebc00000,0x00000000ebc00000,0x00000000eda60000)
  from space 2560K, 0% used [0x00000000eda60000,0x00000000eda60000,0x00000000edce0000)
  to   space 18368K, 0% used [0x00000000f0ab0000,0x00000000f0ab0000,0x00000000f1ca0000)
 ParOldGen       total 61696K, used 29118K [0x00000000c3400000, 0x00000000c7040000, 0x00000000ebc00000)
  object space 61696K, 47% used [0x00000000c3400000,0x00000000c506fad0,0x00000000c7040000)
 PSPermGen       total 35264K, used 17473K [0x00000000be200000, 0x00000000c0470000, 0x00000000c3400000)
  object space 35264K, 49% used [0x00000000be200000,0x00000000bf310760,0x00000000c0470000)
}
Event: 7523.397 GC heap before
{Heap before GC invocations=7 (full 1):
 PSYoungGen      total 33664K, used 31104K [0x00000000ebc00000, 0x00000000f1ca0000, 0x0000000100000000)
  eden space 31104K, 100% used [0x00000000ebc00000,0x00000000eda60000,0x00000000eda60000)
  from space 2560K, 0% used [0x00000000eda60000,0x00000000eda60000,0x00000000edce0000)
  to   space 18368K, 0% used [0x00000000f0ab0000,0x00000000f0ab0000,0x00000000f1ca0000)
 ParOldGen       total 61696K, used 29118K [0x00000000c3400000, 0x00000000c7040000, 0x00000000ebc00000)
  object space 61696K, 47% used [0x00000000c3400000,0x00000000c506fad0,0x00000000c7040000)
 PSPermGen       total 35264K, used 19089K [0x00000000be200000, 0x00000000c0470000, 0x00000000c3400000)
  object space 35264K, 54% used [0x00000000be200000,0x00000000bf4a4568,0x00000000c0470000)
Event: 7523.411 GC heap after
Heap after GC invocations=7 (full 1):
 PSYoungGen      total 74048K, used 4188K [0x00000000ebc00000, 0x00000000f1910000, 0x0000000100000000)
  eden space 59328K, 0% used [0x00000000ebc00000,0x00000000ebc00000,0x00000000ef5f0000)
  from space 14720K, 28% used [0x00000000f0ab0000,0x00000000f0ec70e0,0x00000000f1910000)
  to   space 17984K, 0% used [0x00000000ef5f0000,0x00000000ef5f0000,0x00000000f0780000)
 ParOldGen       total 61696K, used 29118K [0x00000000c3400000, 0x00000000c7040000, 0x00000000ebc00000)
  object space 61696K, 47% used [0x00000000c3400000,0x00000000c506fad0,0x00000000c7040000)
 PSPermGen       total 35264K, used 19089K [0x00000000be200000, 0x00000000c0470000, 0x00000000c3400000)
  object space 35264K, 54% used [0x00000000be200000,0x00000000bf4a4568,0x00000000c0470000)
}
Event: 7900.369 GC heap before
{Heap before GC invocations=8 (full 1):
 PSYoungGen      total 74048K, used 63516K [0x00000000ebc00000, 0x00000000f1910000, 0x0000000100000000)
  eden space 59328K, 100% used [0x00000000ebc00000,0x00000000ef5f0000,0x00000000ef5f0000)
  from space 14720K, 28% used [0x00000000f0ab0000,0x00000000f0ec70e0,0x00000000f1910000)
  to   space 17984K, 0% used [0x00000000ef5f0000,0x00000000ef5f0000,0x00000000f0780000)
 ParOldGen       total 61696K, used 29118K [0x00000000c3400000, 0x00000000c7040000, 0x00000000ebc00000)
  object space 61696K, 47% used [0x00000000c3400000,0x00000000c506fad0,0x00000000c7040000)
 PSPermGen       total 35264K, used 23066K [0x00000000be200000, 0x00000000c0470000, 0x00000000c3400000)
  object space 35264K, 65% used [0x00000000be200000,0x00000000bf8868b0,0x00000000c0470000)
Event: 7900.408 GC heap after
Heap after GC invocations=8 (full 1):
 PSYoungGen      total 77312K, used 11488K [0x00000000ebc00000, 0x00000000f4ca0000, 0x0000000100000000)
  eden space 59328K, 0% used [0x00000000ebc00000,0x00000000ebc00000,0x00000000ef5f0000)
  from space 17984K, 63% used [0x00000000ef5f0000,0x00000000f0128248,0x00000000f0780000)
  to   space 18304K, 0% used [0x00000000f3ac0000,0x00000000f3ac0000,0x00000000f4ca0000)
 ParOldGen       total 61696K, used 29126K [0x00000000c3400000, 0x00000000c7040000, 0x00000000ebc00000)
  object space 61696K, 47% used [0x00000000c3400000,0x00000000c5071ad0,0x00000000c7040000)
 PSPermGen       total 35264K, used 23066K [0x00000000be200000, 0x00000000c0470000, 0x00000000c3400000)
  object space 35264K, 65% used [0x00000000be200000,0x00000000bf8868b0,0x00000000c0470000)
}
Event: 9751.467 GC heap before
{Heap before GC invocations=9 (full 1):
 PSYoungGen      total 77312K, used 70816K [0x00000000ebc00000, 0x00000000f4ca0000, 0x0000000100000000)
  eden space 59328K, 100% used [0x00000000ebc00000,0x00000000ef5f0000,0x00000000ef5f0000)
  from space 17984K, 63% used [0x00000000ef5f0000,0x00000000f0128248,0x00000000f0780000)
  to   space 18304K, 0% used [0x00000000f3ac0000,0x00000000f3ac0000,0x00000000f4ca0000)
 ParOldGen       total 61696K, used 29126K [0x00000000c3400000, 0x00000000c7040000, 0x00000000ebc00000)
  object space 61696K, 47% used [0x00000000c3400000,0x00000000c5071ad0,0x00000000c7040000)
 PSPermGen       total 35264K, used 23296K [0x00000000be200000, 0x00000000c0470000, 0x00000000c3400000)
  object space 35264K, 66% used [0x00000000be200000,0x00000000bf8c0390,0x00000000c0470000)
Event: 9751.483 GC heap after
Heap after GC invocations=9 (full 1):
 PSYoungGen      total 65152K, used 8125K [0x00000000ebc00000, 0x00000000f42b0000, 0x0000000100000000)
  eden space 57024K, 0% used [0x00000000ebc00000,0x00000000ebc00000,0x00000000ef3b0000)
  from space 8128K, 99% used [0x00000000f3ac0000,0x00000000f42af520,0x00000000f42b0000)
  to   space 17216K, 0% used [0x00000000f2110000,0x00000000f2110000,0x00000000f31e0000)
 ParOldGen       total 61696K, used 29126K [0x00000000c3400000, 0x00000000c7040000, 0x00000000ebc00000)
  object space 61696K, 47% used [0x00000000c3400000,0x00000000c5071ad0,0x00000000c7040000)
 PSPermGen       total 35264K, used 23296K [0x00000000be200000, 0x00000000c0470000, 0x00000000c3400000)
  object space 35264K, 66% used [0x00000000be200000,0x00000000bf8c0390,0x00000000c0470000)
}

Deoptimization events (10 events):
Event: 7877.927 Thread 0x00007fed2408c000 Uncommon trap -83 fr.pc 0x00007feda511345c
Event: 7877.927 Thread 0x00007fed2408c000 Uncommon trap -12 fr.pc 0x00007feda512f93c
Event: 7877.972 Thread 0x00007fed2408c000 Uncommon trap -83 fr.pc 0x00007feda5130758
Event: 7883.904 Thread 0x00007feda81f6000 Uncommon trap -83 fr.pc 0x00007feda5134364
Event: 7883.929 Thread 0x00007feda81f6000 Uncommon trap -83 fr.pc 0x00007feda51334c8
Event: 9547.444 Thread 0x00007fed25298800 Uncommon trap -12 fr.pc 0x00007feda51a2124
Event: 9664.255 Thread 0x00007fed2489c800 Uncommon trap -12 fr.pc 0x00007feda5165dc4
Event: 9664.282 Thread 0x00007fed2489c800 Uncommon trap -34 fr.pc 0x00007feda513e0dc
Event: 9731.341 Thread 0x00007fed580bd000 Uncommon trap -58 fr.pc 0x00007feda5182cd0
Event: 9883.948 Thread 0x00007fed2408c000 Uncommon trap -12 fr.pc 0x00007feda51fcf48

Internal exceptions (10 events):
Event: 9665.595 Thread 0x00007fed252e8000 Threw 0x00000000ee917ee8 at /HUDSON/workspace/jdk7u5-2-build-linux-amd64-product/jdk7u5/hotspot/src/share/vm/prims/jni.cpp:715
Event: 9665.605 Thread 0x00007fed252e8000 Threw 0x00000000ee920e00 at /HUDSON/workspace/jdk7u5-2-build-linux-amd64-product/jdk7u5/hotspot/src/share/vm/prims/jvm.cpp:1166
Event: 9665.605 Thread 0x00007fed252e8000 Threw 0x00000000ee921148 at /HUDSON/workspace/jdk7u5-2-build-linux-amd64-product/jdk7u5/hotspot/src/share/vm/prims/jvm.cpp:1166
Event: 9740.460 Thread 0x00007fed24400000 Threw 0x00000000ef5b30b0 at /HUDSON/workspace/jdk7u5-2-build-linux-amd64-product/jdk7u5/hotspot/src/share/vm/prims/jni.cpp:741
Event: 9852.941 Thread 0x00007fed2408c000 Threw 0x00000000ec3eaf48 at /HUDSON/workspace/jdk7u5-2-build-linux-amd64-product/jdk7u5/hotspot/src/share/vm/prims/jni.cpp:741
Event: 9870.839 Thread 0x00007fed2408c000 Threw 0x00000000ec6ab4f0 at /HUDSON/workspace/jdk7u5-2-build-linux-amd64-product/jdk7u5/hotspot/src/share/vm/prims/jni.cpp:741
Event: 9882.386 Thread 0x00007fed2408c000 Threw 0x00000000ecf2e8a8 at /HUDSON/workspace/jdk7u5-2-build-linux-amd64-product/jdk7u5/hotspot/src/share/vm/prims/jni.cpp:741
Event: 9883.948 Thread 0x00007fed2408c000 Implicit null exception at 0x00007feda51fca9f to 0x00007feda51fcf39
Event: 10236.458 Thread 0x00007fed2408c000 Threw 0x00000000edb4ac58 at /HUDSON/workspace/jdk7u5-2-build-linux-amd64-product/jdk7u5/hotspot/src/share/vm/prims/jni.cpp:741
Event: 10259.840 Thread 0x00007fed2408c000 Threw 0x00000000ee21b7c8 at /HUDSON/workspace/jdk7u5-2-build-linux-amd64-product/jdk7u5/hotspot/src/share/vm/prims/jni.cpp:741

Events (10 events):
Event: 11961.560 Thread 0x00007fed24895800 Thread added: 0x00007fed24895800
Event: 11961.561 Executing VM operation: RevokeBias
Event: 11961.565 Executing VM operation: RevokeBias done
Event: 11961.567 Thread 0x00007fed25298800 Thread added: 0x00007fed25298800
Event: 11961.567 Executing VM operation: RevokeBias
Event: 11961.570 Executing VM operation: RevokeBias done
Event: 11961.570 Thread 0x00007fed24896000 Thread exited: 0x00007fed24896000
Event: 11961.572 Thread 0x00007fed2527d800 Thread exited: 0x00007fed2527d800
Event: 11961.572 Executing VM operation: RevokeBias
Event: 11961.572 Executing VM operation: RevokeBias done


Dynamic libraries:
00400000-00401000 r-xp 00000000 08:02 937359                             /usr/java/jre1.7.0_05/bin/java
00600000-00601000 rw-p 00000000 08:02 937359                             /usr/java/jre1.7.0_05/bin/java
00b20000-00b41000 rw-p 00000000 00:00 0                                  [heap]
be200000-c0470000 rw-p 00000000 00:00 0 
c0470000-c3400000 rw-p 00000000 00:00 0 
c3400000-c7040000 rw-p 00000000 00:00 0 
c7040000-ebc00000 rw-p 00000000 00:00 0 
ebc00000-f42b0000 rw-p 00000000 00:00 0 
f42b0000-f4ca0000 ---p 00000000 00:00 0 
f4ca0000-100000000 rw-p 00000000 00:00 0 
31e5c00000-31e5c26000 r-xp 00000000 08:02 800571                         /usr/lib64/libdbus-glib-1.so.2.2.2
31e5c26000-31e5e25000 ---p 00026000 08:02 800571                         /usr/lib64/libdbus-glib-1.so.2.2.2
31e5e25000-31e5e26000 r--p 00025000 08:02 800571                         /usr/lib64/libdbus-glib-1.so.2.2.2
31e5e26000-31e5e27000 rw-p 00026000 08:02 800571                         /usr/lib64/libdbus-glib-1.so.2.2.2
356c200000-356c222000 r-xp 00000000 08:02 1570147                        /lib64/ld-2.14.90.so
356c421000-356c422000 r--p 00021000 08:02 1570147                        /lib64/ld-2.14.90.so
356c422000-356c423000 rw-p 00022000 08:02 1570147                        /lib64/ld-2.14.90.so
356c423000-356c424000 rw-p 00000000 00:00 0 
356c600000-356c71e000 r-xp 00000000 08:02 1585561                        /lib64/libglib-2.0.so.0.3000.3
356c71e000-356c91e000 ---p 0011e000 08:02 1585561                        /lib64/libglib-2.0.so.0.3000.3
356c91e000-356c91f000 r--p 0011e000 08:02 1585561                        /lib64/libglib-2.0.so.0.3000.3
356c91f000-356c920000 rw-p 0011f000 08:02 1585561                        /lib64/libglib-2.0.so.0.3000.3
356c920000-356c921000 rw-p 00000000 00:00 0 
356ca00000-356cbad000 r-xp 00000000 08:02 1577200                        /lib64/libc-2.14.90.so
356cbad000-356cdad000 ---p 001ad000 08:02 1577200                        /lib64/libc-2.14.90.so
356cdad000-356cdb1000 r--p 001ad000 08:02 1577200                        /lib64/libc-2.14.90.so
356cdb1000-356cdb3000 rw-p 001b1000 08:02 1577200                        /lib64/libc-2.14.90.so
356cdb3000-356cdb8000 rw-p 00000000 00:00 0 
356ce00000-356ce83000 r-xp 00000000 08:02 1585550                        /lib64/libm-2.14.90.so
356ce83000-356d082000 ---p 00083000 08:02 1585550                        /lib64/libm-2.14.90.so
356d082000-356d083000 r--p 00082000 08:02 1585550                        /lib64/libm-2.14.90.so
356d083000-356d084000 rw-p 00083000 08:02 1585550                        /lib64/libm-2.14.90.so
356d200000-356d217000 r-xp 00000000 08:02 1577288                        /lib64/libpthread-2.14.90.so
356d217000-356d416000 ---p 00017000 08:02 1577288                        /lib64/libpthread-2.14.90.so
356d416000-356d417000 r--p 00016000 08:02 1577288                        /lib64/libpthread-2.14.90.so
356d417000-356d418000 rw-p 00017000 08:02 1577288                        /lib64/libpthread-2.14.90.so
356d418000-356d41c000 rw-p 00000000 00:00 0 
356d600000-356d602000 r-xp 00000000 08:02 1577290                        /lib64/libdl-2.14.90.so
356d602000-356d802000 ---p 00002000 08:02 1577290                        /lib64/libdl-2.14.90.so
356d802000-356d803000 r--p 00002000 08:02 1577290                        /lib64/libdl-2.14.90.so
356d803000-356d804000 rw-p 00003000 08:02 1577290                        /lib64/libdl-2.14.90.so
356da00000-356da15000 r-xp 00000000 08:02 1599495                        /lib64/libgcc_s-4.6.3-20120306.so.1
356da15000-356dc14000 ---p 00015000 08:02 1599495                        /lib64/libgcc_s-4.6.3-20120306.so.1
356dc14000-356dc15000 rw-p 00014000 08:02 1599495                        /lib64/libgcc_s-4.6.3-20120306.so.1
356de00000-356de17000 r-xp 00000000 08:02 1585553                        /lib64/libz.so.1.2.5
356de17000-356e016000 ---p 00017000 08:02 1585553                        /lib64/libz.so.1.2.5
356e016000-356e017000 rw-p 00016000 08:02 1585553                        /lib64/libz.so.1.2.5
356e200000-356e207000 r-xp 00000000 08:02 1577289                        /lib64/librt-2.14.90.so
356e207000-356e406000 ---p 00007000 08:02 1577289                        /lib64/librt-2.14.90.so
356e406000-356e407000 r--p 00006000 08:02 1577289                        /lib64/librt-2.14.90.so
356e407000-356e408000 rw-p 00007000 08:02 1577289                        /lib64/librt-2.14.90.so
356e600000-356e61d000 r-xp 00000000 08:02 1577291                        /lib64/libselinux.so.1
356e61d000-356e81d000 ---p 0001d000 08:02 1577291                        /lib64/libselinux.so.1
356e81d000-356e81e000 r--p 0001d000 08:02 1577291                        /lib64/libselinux.so.1
356e81e000-356e81f000 rw-p 0001e000 08:02 1577291                        /lib64/libselinux.so.1
356e81f000-356e820000 rw-p 00000000 00:00 0 
356ea00000-356ea02000 r-xp 00000000 08:02 841634                         /usr/lib64/libXau.so.6.0.0
356ea02000-356ec02000 ---p 00002000 08:02 841634                         /usr/lib64/libXau.so.6.0.0
356ec02000-356ec03000 rw-p 00002000 08:02 841634                         /usr/lib64/libXau.so.6.0.0
356ee00000-356ee18000 r-xp 00000000 08:02 1599630                        /lib64/libresolv-2.14.90.so
356ee18000-356f018000 ---p 00018000 08:02 1599630                        /lib64/libresolv-2.14.90.so
356f018000-356f019000 r--p 00018000 08:02 1599630                        /lib64/libresolv-2.14.90.so
356f019000-356f01a000 rw-p 00019000 08:02 1599630                        /lib64/libresolv-2.14.90.so
356f01a000-356f01c000 rw-p 00000000 00:00 0 
356f200000-356f21b000 r-xp 00000000 08:02 841882                         /usr/lib64/libxcb.so.1.1.0
356f21b000-356f41a000 ---p 0001b000 08:02 841882                         /usr/lib64/libxcb.so.1.1.0
356f41a000-356f41b000 rw-p 0001a000 08:02 841882                         /usr/lib64/libxcb.so.1.1.0
356f600000-356f739000 r-xp 00000000 08:02 841883                         /usr/lib64/libX11.so.6.3.0
356f739000-356f938000 ---p 00139000 08:02 841883                         /usr/lib64/libX11.so.6.3.0
356f938000-356f93e000 rw-p 00138000 08:02 841883                         /usr/lib64/libX11.so.6.3.0
356fa00000-356fa04000 r-xp 00000000 08:02 1585796                        /lib64/libgthread-2.0.so.0.3000.3
356fa04000-356fc03000 ---p 00004000 08:02 1585796                        /lib64/libgthread-2.0.so.0.3000.3
356fc03000-356fc04000 r--p 00003000 08:02 1585796                        /lib64/libgthread-2.0.so.0.3000.3
356fc04000-356fc05000 rw-p 00004000 08:02 1585796                        /lib64/libgthread-2.0.so.0.3000.3
356fe00000-356fe12000 r-xp 00000000 08:02 841884                         /usr/lib64/libXext.so.6.4.0
356fe12000-3570011000 ---p 00012000 08:02 841884                         /usr/lib64/libXext.so.6.4.0
3570011000-3570012000 r--p 00011000 08:02 841884                         /usr/lib64/libXext.so.6.4.0
3570012000-3570013000 rw-p 00012000 08:02 841884                         /usr/lib64/libXext.so.6.4.0
3570600000-357064c000 r-xp 00000000 08:02 1612997                        /lib64/libgobject-2.0.so.0.3000.3
357064c000-357084c000 ---p 0004c000 08:02 1612997                        /lib64/libgobject-2.0.so.0.3000.3
357084c000-357084d000 r--p 0004c000 08:02 1612997                        /lib64/libgobject-2.0.so.0.3000.3
357084d000-357084e000 rw-p 0004d000 08:02 1612997                        /lib64/libgobject-2.0.so.0.3000.3
357084e000-357084f000 rw-p 00000000 00:00 0 
3570a00000-3570a07000 r-xp 00000000 08:02 841597                         /usr/lib64/libffi.so.5.0.10
3570a07000-3570c06000 ---p 00007000 08:02 841597                         /usr/lib64/libffi.so.5.0.10
3570c06000-3570c07000 r--p 00006000 08:02 841597                         /usr/lib64/libffi.so.5.0.10
3570c07000-3570c08000 rw-p 00007000 08:02 841597                         /usr/lib64/libffi.so.5.0.10
3571a00000-3571a26000 r-xp 00000000 08:02 837126                         /usr/lib64/libpng12.so.0.49.0
3571a26000-3571c25000 ---p 00026000 08:02 837126                         /usr/lib64/libpng12.so.0.49.0
3571c25000-3571c26000 r--p 00025000 08:02 837126                         /usr/lib64/libpng12.so.0.49.0
3571c26000-3571c27000 rw-p 00026000 08:02 837126                         /usr/lib64/libpng12.so.0.49.0
3571e00000-3571e27000 r-xp 00000000 08:02 1612999                        /lib64/libexpat.so.1.6.0
3571e27000-3572027000 ---p 00027000 08:02 1612999                        /lib64/libexpat.so.1.6.0
3572027000-3572029000 r--p 00027000 08:02 1612999                        /lib64/libexpat.so.1.6.0
3572029000-357202a000 rw-p 00029000 08:02 1612999                        /lib64/libexpat.so.1.6.0
3572200000-3572243000 r-xp 00000000 08:02 1612996                        /lib64/libdbus-1.so.3.5.6
3572243000-3572442000 ---p 00043000 08:02 1612996                        /lib64/libdbus-1.so.3.5.6
3572442000-3572443000 r--p 00042000 08:02 1612996                        /lib64/libdbus-1.so.3.5.6
3572443000-3572444000 rw-p 00043000 08:02 1612996                        /lib64/libdbus-1.so.3.5.6
3572600000-3572699000 r-xp 00000000 08:02 841519                         /usr/lib64/libfreetype.so.6.7.1
3572699000-3572898000 ---p 00099000 08:02 841519                         /usr/lib64/libfreetype.so.6.7.1
3572898000-357289e000 r--p 00098000 08:02 841519                         /usr/lib64/libfreetype.so.6.7.1
357289e000-357289f000 rw-p 0009e000 08:02 841519                         /usr/lib64/libfreetype.so.6.7.1
3572a00000-3572a34000 r-xp 00000000 08:02 841914                         /usr/lib64/libfontconfig.so.1.4.4
3572a34000-3572c33000 ---p 00034000 08:02 841914                         /usr/lib64/libfontconfig.so.1.4.4
3572c33000-3572c35000 rw-p 00033000 08:02 841914                         /usr/lib64/libfontconfig.so.1.4.4
3572e00000-3572e0f000 r-xp 00000000 08:02 841885                         /usr/lib64/libXi.so.6.1.0
3572e0f000-357300e000 ---p 0000f000 08:02 841885                         /usr/lib64/libXi.so.6.1.0
357300e000-357300f000 r--p 0000e000 08:02 841885                         /usr/lib64/libXi.so.6.1.0
357300f000-3573010000 rw-p 0000f000 08:02 841885                         /usr/lib64/libXi.so.6.1.0
3573200000-3573209000 r-xp 00000000 08:02 841886                         /usr/lib64/libXrender.so.1.3.0
3573209000-3573409000 ---p 00009000 08:02 841886                         /usr/lib64/libXrender.so.1.3.0
3573409000-357340a000 rw-p 00009000 08:02 841886                         /usr/lib64/libXrender.so.1.3.0
3573600000-3573608000 r-xp 00000000 08:02 841888                         /usr/lib64/libXrandr.so.2.2.0
3573608000-3573807000 ---p 00008000 08:02 841888                         /usr/lib64/libXrandr.so.2.2.0
3573807000-3573808000 rw-p 00007000 08:02 841888                         /usr/lib64/libXrandr.so.2.2.0
3573a00000-3573a09000 r-xp 00000000 08:02 841912                         /usr/lib64/libXcursor.so.1.0.2
3573a09000-3573c09000 ---p 00009000 08:02 841912                         /usr/lib64/libXcursor.so.1.0.2
3573c09000-3573c0a000 rw-p 00009000 08:02 841912                         /usr/lib64/libXcursor.so.1.0.2
3573e00000-3573e05000 r-xp 00000000 08:02 841889                         /usr/lib64/libXfixes.so.3.1.0
3573e05000-3574005000 ---p 00005000 08:02 841889                         /usr/lib64/libXfixes.so.3.1.0
3574005000-3574006000 rw-p 00005000 08:02 841889                         /usr/lib64/libXfixes.so.3.1.0
3574200000-3574202000 r-xp 00000000 08:02 841913                         /usr/lib64/libXinerama.so.1.0.0
3574202000-3574401000 ---p 00002000 08:02 841913                         /usr/lib64/libXinerama.so.1.0.0
3574401000-3574402000 rw-p 00001000 08:02 841913                         /usr/lib64/libXinerama.so.1.0.0
3574a00000-3574a03000 r-xp 00000000 08:02 1613011                        /lib64/libgmodule-2.0.so.0.3000.3
3574a03000-3574c02000 ---p 00003000 08:02 1613011                        /lib64/libgmodule-2.0.so.0.3000.3
3574c02000-3574c03000 r--p 00002000 08:02 1613011                        /lib64/libgmodule-2.0.so.0.3000.3
3574c03000-3574c04000 rw-p 00003000 08:02 1613011                        /lib64/libgmodule-2.0.so.0.3000.3
3576e00000-3576f39000 r-xp 00000000 08:02 1613012                        /lib64/libgio-2.0.so.0.3000.3
3576f39000-3577139000 ---p 00139000 08:02 1613012                        /lib64/libgio-2.0.so.0.3000.3
3577139000-357713d000 r--p 00139000 08:02 1613012                        /lib64/libgio-2.0.so.0.3000.3
357713d000-357713f000 rw-p 0013d000 08:02 1613012                        /lib64/libgio-2.0.so.0.3000.3
357713f000-3577141000 rw-p 00000000 00:00 0 
357aa00000-357aa05000 r-xp 00000000 08:02 835412                         /usr/lib64/libXtst.so.6.1.0
357aa05000-357ac05000 ---p 00005000 08:02 835412                         /usr/lib64/libXtst.so.6.1.0
357ac05000-357ac06000 rw-p 00005000 08:02 835412                         /usr/lib64/libXtst.so.6.1.0
357ae00000-357ae07000 r-xp 00000000 08:02 799351                         /usr/lib64/libvorbisfile.so.3.3.5
357ae07000-357b007000 ---p 00007000 08:02 799351                         /usr/lib64/libvorbisfile.so.3.3.5
357b007000-357b008000 r--p 00007000 08:02 799351                         /usr/lib64/libvorbisfile.so.3.3.5
357b008000-357b009000 rw-p 00008000 08:02 799351                         /usr/lib64/libvorbisfile.so.3.3.5
357d800000-357d821000 r-xp 00000000 08:02 811621                         /usr/lib64/libgdk_pixbuf-2.0.so.0.2400.1
357d821000-357da20000 ---p 00021000 08:02 811621                         /usr/lib64/libgdk_pixbuf-2.0.so.0.2400.1
357da20000-357da21000 r--p 00020000 08:02 811621                         /usr/lib64/libgdk_pixbuf-2.0.so.0.2400.1
357da21000-357da22000 rw-p 00021000 08:02 811621                         /usr/lib64/libgdk_pixbuf-2.0.so.0.2400.1
3580a00000-3580a02000 r-xp 00000000 08:02 846993                         /usr/lib64/libXcomposite.so.1.0.0
3580a02000-3580c01000 ---p 00002000 08:02 846993                         /usr/lib64/libXcomposite.so.1.0.0
3580c01000-3580c02000 rw-p 00001000 08:02 846993                         /usr/lib64/libXcomposite.so.1.0.0
3580e00000-3580e0c000 r-xp 00000000 08:02 846992                         /usr/lib64/libpangocairo-1.0.so.0.2904.0
3580e0c000-358100b000 ---p 0000c000 08:02 846992                         /usr/lib64/libpangocairo-1.0.so.0.2904.0
358100b000-358100c000 r--p 0000b000 08:02 846992                         /usr/lib64/libpangocairo-1.0.so.0.2904.0
358100c000-358100d000 rw-p 0000c000 08:02 846992                         /usr/lib64/libpangocairo-1.0.so.0.2904.0
3581200000-3581281000 r-xp 00000000 08:02 810868                         /usr/lib64/libpixman-1.so.0.24.4
3581281000-3581481000 ---p 00081000 08:02 810868                         /usr/lib64/libpixman-1.so.0.24.4
3581481000-3581487000 r--p 00081000 08:02 810868                         /usr/lib64/libpixman-1.so.0.24.4
3581487000-3581488000 rw-p 00087000 08:02 810868                         /usr/lib64/libpixman-1.so.0.24.4
3581600000-35816a6000 r-xp 00000000 08:02 846987                         /usr/lib64/libcairo.so.2.11000.2
35816a6000-35818a5000 ---p 000a6000 08:02 846987                         /usr/lib64/libcairo.so.2.11000.2
35818a5000-35818a7000 r--p 000a5000 08:02 846987                         /usr/lib64/libcairo.so.2.11000.2
35818a7000-35818a8000 rw-p 000a7000 08:02 846987                         /usr/lib64/libcairo.so.2.11000.2
35818a8000-35818ab000 rw-p 00000000 00:00 0 
3581a00000-3581a02000 r-xp 00000000 08:02 846998                         /usr/lib64/libXdamage.so.1.1.0
3581a02000-3581c01000 ---p 00002000 08:02 846998                         /usr/lib64/libXdamage.so.1.1.0
3581c01000-3581c02000 rw-p 00001000 08:02 846998                         /usr/lib64/libXdamage.so.1.1.0
3581e00000-3581e48000 r-xp 00000000 08:02 846990                         /usr/lib64/libpango-1.0.so.0.2904.0
3581e48000-3582048000 ---p 00048000 08:02 846990                         /usr/lib64/libpango-1.0.so.0.2904.0
3582048000-358204a000 r--p 00048000 08:02 846990                         /usr/lib64/libpango-1.0.so.0.2904.0
358204a000-358204b000 rw-p 0004a000 08:02 846990                         /usr/lib64/libpango-1.0.so.0.2904.0
3582200000-358222b000 r-xp 00000000 08:02 846991                         /usr/lib64/libpangoft2-1.0.so.0.2904.0
358222b000-358242a000 ---p 0002b000 08:02 846991                         /usr/lib64/libpangoft2-1.0.so.0.2904.0
358242a000-358242b000 r--p 0002a000 08:02 846991                         /usr/lib64/libpangoft2-1.0.so.0.2904.0
358242b000-358242c000 rw-p 0002b000 08:02 846991                         /usr/lib64/libpangoft2-1.0.so.0.2904.0
3582600000-358261f000 r-xp 00000000 08:02 847005                         /usr/lib64/libatk-1.0.so.0.20209.1
358261f000-358281f000 ---p 0001f000 08:02 847005                         /usr/lib64/libatk-1.0.so.0.20209.1
358281f000-3582821000 r--p 0001f000 08:02 847005                         /usr/lib64/libatk-1.0.so.0.20209.1
3582821000-3582822000 rw-p 00021000 08:02 847005                         /usr/lib64/libatk-1.0.so.0.20209.1
3584a00000-3584a06000 r-xp 00000000 08:02 846963                         /usr/lib64/libogg.so.0.8.0
3584a06000-3584c05000 ---p 00006000 08:02 846963                         /usr/lib64/libogg.so.0.8.0
3584c05000-3584c06000 r--p 00005000 08:02 846963                         /usr/lib64/libogg.so.0.8.0
3584c06000-3584c07000 rw-p 00006000 08:02 846963                         /usr/lib64/libogg.so.0.8.0
3584e00000-3584e2c000 r-xp 00000000 08:02 846965                         /usr/lib64/libvorbis.so.0.4.6
3584e2c000-358502b000 ---p 0002c000 08:02 846965                         /usr/lib64/libvorbis.so.0.4.6
358502b000-358502c000 r--p 0002b000 08:02 846965                         /usr/lib64/libvorbis.so.0.4.6
358502c000-358502d000 rw-p 0002c000 08:02 846965                         /usr/lib64/libvorbis.so.0.4.6
3585a00000-3585aba000 r-xp 00000000 08:02 846999                         /usr/lib64/libgdk-x11-2.0.so.0.2400.8
3585aba000-3585cba000 ---p 000ba000 08:02 846999                         /usr/lib64/libgdk-x11-2.0.so.0.2400.8
3585cba000-3585cbe000 r--p 000ba000 08:02 846999                         /usr/lib64/libgdk-x11-2.0.so.0.2400.8
3585cbe000-3585cc0000 rw-p 000be000 08:02 846999                         /usr/lib64/libgdk-x11-2.0.so.0.2400.8
3585e00000-358626c000 r-xp 00000000 08:02 847006                         /usr/lib64/libgtk-x11-2.0.so.0.2400.8
358626c000-358646c000 ---p 0046c000 08:02 847006                         /usr/lib64/libgtk-x11-2.0.so.0.2400.8
358646c000-3586473000 r--p 0046c000 08:02 847006                         /usr/lib64/libgtk-x11-2.0.so.0.2400.8
3586473000-3586477000 rw-p 00473000 08:02 847006                         /usr/lib64/libgtk-x11-2.0.so.0.2400.8
3586477000-3586479000 rw-p 00000000 00:00 0 
358c800000-358c809000 r-xp 00000000 08:02 806123                         /usr/lib64/libltdl.so.7.3.0
358c809000-358ca08000 ---p 00009000 08:02 806123                         /usr/lib64/libltdl.so.7.3.0
358ca08000-358ca09000 rw-p 00008000 08:02 806123                         /usr/lib64/libltdl.so.7.3.0
3669400000-3669408000 r-xp 00000000 08:02 1572822                        /lib64/libcrypt-2.14.90.so
3669408000-3669607000 ---p 00008000 08:02 1572822                        /lib64/libcrypt-2.14.90.so
3669607000-3669608000 r--p 00007000 08:02 1572822                        /lib64/libcrypt-2.14.90.so
3669608000-3669609000 rw-p 00008000 08:02 1572822                        /lib64/libcrypt-2.14.90.so
3669609000-3669637000 rw-p 00000000 00:00 0 
3669800000-366985d000 r-xp 00000000 08:02 1572821                        /lib64/libfreebl3.so
366985d000-3669a5d000 ---p 0005d000 08:02 1572821                        /lib64/libfreebl3.so
3669a5d000-3669a5e000 r--p 0005d000 08:02 1572821                        /lib64/libfreebl3.so
3669a5e000-3669a5f000 rw-p 0005e000 08:02 1572821                        /lib64/libfreebl3.so
3669a5f000-3669a63000 rw-p 00000000 00:00 0 
3669c00000-3669c04000 r-xp 00000000 08:02 797641                         /usr/lib64/libcanberra-gtk.so.0.1.8
3669c04000-3669e03000 ---p 00004000 08:02 797641                         /usr/lib64/libcanberra-gtk.so.0.1.8
3669e03000-3669e04000 r--p 00003000 08:02 797641                         /usr/lib64/libcanberra-gtk.so.0.1.8
3669e04000-3669e05000 rw-p 00004000 08:02 797641                         /usr/lib64/libcanberra-gtk.so.0.1.8
366c400000-366c410000 r-xp 00000000 08:02 803636                         /usr/lib64/libtdb.so.1.2.9
366c410000-366c60f000 ---p 00010000 08:02 803636                         /usr/lib64/libtdb.so.1.2.9
366c60f000-366c610000 rw-p 0000f000 08:02 803636                         /usr/lib64/libtdb.so.1.2.9
366c800000-366c810000 r-xp 00000000 08:02 823337                         /usr/lib64/libcanberra.so.0.2.5
366c810000-366ca0f000 ---p 00010000 08:02 823337                         /usr/lib64/libcanberra.so.0.2.5
366ca0f000-366ca10000 r--p 0000f000 08:02 823337                         /usr/lib64/libcanberra.so.0.2.5
366ca10000-366ca11000 rw-p 00010000 08:02 823337                         /usr/lib64/libcanberra.so.0.2.5
7fed14000000-7fed14021000 rw-p 00000000 00:00 0 
7fed14021000-7fed18000000 ---p 00000000 00:00 0 
7fed1c000000-7fed1c471000 rw-p 00000000 00:00 0 
7fed1c471000-7fed20000000 ---p 00000000 00:00 0 
7fed20000000-7fed20024000 rw-p 00000000 00:00 0 
7fed20024000-7fed24000000 ---p 00000000 00:00 0 
7fed24000000-7fed2533b000 rw-p 00000000 00:00 0 
7fed2533b000-7fed28000000 ---p 00000000 00:00 0 
7fed28000000-7fed28021000 rw-p 00000000 00:00 0 
7fed28021000-7fed2c000000 ---p 00000000 00:00 0 
7fed2c000000-7fed2c021000 rw-p 00000000 00:00 0 
7fed2c021000-7fed30000000 ---p 00000000 00:00 0 
7fed30000000-7fed30021000 rw-p 00000000 00:00 0 
7fed30021000-7fed34000000 ---p 00000000 00:00 0 
7fed34000000-7fed34021000 rw-p 00000000 00:00 0 
7fed34021000-7fed38000000 ---p 00000000 00:00 0 
7fed38000000-7fed38021000 rw-p 00000000 00:00 0 
7fed38021000-7fed3c000000 ---p 00000000 00:00 0 
7fed3c000000-7fed3c021000 rw-p 00000000 00:00 0 
7fed3c021000-7fed40000000 ---p 00000000 00:00 0 
7fed40000000-7fed40021000 rw-p 00000000 00:00 0 
7fed40021000-7fed44000000 ---p 00000000 00:00 0 
7fed44000000-7fed44021000 rw-p 00000000 00:00 0 
7fed44021000-7fed48000000 ---p 00000000 00:00 0 
7fed48000000-7fed48021000 rw-p 00000000 00:00 0 
7fed48021000-7fed4c000000 ---p 00000000 00:00 0 
7fed4c000000-7fed4c021000 rw-p 00000000 00:00 0 
7fed4c021000-7fed50000000 ---p 00000000 00:00 0 
7fed50000000-7fed50021000 rw-p 00000000 00:00 0 
7fed50021000-7fed54000000 ---p 00000000 00:00 0 
7fed54000000-7fed54021000 rw-p 00000000 00:00 0 
7fed54021000-7fed58000000 ---p 00000000 00:00 0 
7fed58000000-7fed58214000 rw-p 00000000 00:00 0 
7fed58214000-7fed5c000000 ---p 00000000 00:00 0 
7fed5c000000-7fed5c021000 rw-p 00000000 00:00 0 
7fed5c021000-7fed60000000 ---p 00000000 00:00 0 
7fed60000000-7fed60021000 rw-p 00000000 00:00 0 
7fed60021000-7fed64000000 ---p 00000000 00:00 0 
7fed64000000-7fed64c90000 rw-p 00000000 00:00 0 
7fed64c90000-7fed68000000 ---p 00000000 00:00 0 
7fed68000000-7fed68021000 rw-p 00000000 00:00 0 
7fed68021000-7fed6c000000 ---p 00000000 00:00 0 
7fed6c000000-7fed6ced9000 rw-p 00000000 00:00 0 
7fed6ced9000-7fed70000000 ---p 00000000 00:00 0 
7fed71bde000-7fed78000000 r--p 00000000 08:02 795445                     /usr/lib/locale/locale-archive
7fed78000000-7fed78021000 rw-p 00000000 00:00 0 
7fed78021000-7fed7c000000 ---p 00000000 00:00 0 
7fed7c000000-7fed7c021000 rw-p 00000000 00:00 0 
7fed7c021000-7fed80000000 ---p 00000000 00:00 0 
7fed80000000-7fed80099000 rw-p 00000000 00:00 0 
7fed80099000-7fed84000000 ---p 00000000 00:00 0 
7fed84000000-7fed84021000 rw-p 00000000 00:00 0 
7fed84021000-7fed88000000 ---p 00000000 00:00 0 
7fed88000000-7fed88021000 rw-p 00000000 00:00 0 
7fed88021000-7fed8c000000 ---p 00000000 00:00 0 
7fed8f7a2000-7fed90000000 rw-s 00000000 00:04 884746                     /SYSV00000000 (deleted)
7fed90000000-7fed90021000 rw-p 00000000 00:00 0 
7fed90021000-7fed94000000 ---p 00000000 00:00 0 
7fed94364000-7fed9536a000 rw-p 00000000 00:00 0 
7fed9536a000-7fed9539c000 r-xp 00000000 08:02 937540                     /usr/java/jre1.7.0_05/lib/amd64/libsunec.so
7fed9539c000-7fed9559b000 ---p 00032000 08:02 937540                     /usr/java/jre1.7.0_05/lib/amd64/libsunec.so
7fed9559b000-7fed955a1000 rw-p 00031000 08:02 937540                     /usr/java/jre1.7.0_05/lib/amd64/libsunec.so
7fed955a1000-7fed955b1000 rw-p 00000000 00:00 0 
7fed95652000-7fed956b2000 rw-s 00000000 00:04 688142                     /SYSV00000000 (deleted)
7fed956b2000-7fed956c2000 r--s 0012c000 08:05 13896327                   /home/pvienne/Documents/GitHub/javascool-5/lib/javascool/javascool.jar
7fed956c2000-7fed956c5000 ---p 00000000 00:00 0 
7fed956c5000-7fed957c3000 rw-p 00000000 00:00 0                          [stack:7958]
7fed957c3000-7fed957c6000 ---p 00000000 00:00 0 
7fed957c6000-7fed958c4000 rw-p 00000000 00:00 0                          [stack:7972]
7fed958c4000-7fed958c7000 ---p 00000000 00:00 0 
7fed958c7000-7fed959c5000 rw-p 00000000 00:00 0                          [stack:7971]
7fed959c5000-7fed959c8000 ---p 00000000 00:00 0 
7fed959c8000-7fed95ac6000 rw-p 00000000 00:00 0                          [stack:7956]
7fed95ac6000-7fed95ac9000 ---p 00000000 00:00 0 
7fed95ac9000-7fed95bc7000 rw-p 00000000 00:00 0                          [stack:4030]
7fed95bc7000-7fed95bca000 ---p 00000000 00:00 0 
7fed95bca000-7fed95cc8000 rw-p 00000000 00:00 0                          [stack:7960]
7fed95cc8000-7fed95d30000 r-xp 00000000 08:02 937543                     /usr/java/jre1.7.0_05/lib/amd64/libt2k.so
7fed95d30000-7fed95f2f000 ---p 00068000 08:02 937543                     /usr/java/jre1.7.0_05/lib/amd64/libt2k.so
7fed95f2f000-7fed95f36000 rw-p 00067000 08:02 937543                     /usr/java/jre1.7.0_05/lib/amd64/libt2k.so
7fed95f36000-7fed95f46000 rw-p 00000000 00:00 0 
7fed95f46000-7fed95f49000 ---p 00000000 00:00 0 
7fed95f49000-7fed96047000 rw-p 00000000 00:00 0                          [stack:7954]
7fed96047000-7fed96051000 r--p 00000000 08:02 1055010                    /usr/share/fonts/abattis-cantarell/Cantarell-Regular.otf
7fed96600000-7fed96603000 ---p 00000000 00:00 0 
7fed96603000-7fed96701000 rw-p 00000000 00:00 0                          [stack:7970]
7fed96701000-7fed96718000 r--s 00000000 08:02 276519                     /var/cache/fontconfig/0065749533e94eec1d289b9deb9b96d0-le64.cache-3
7fed96718000-7fed96719000 r--s 00000000 08:02 280424                     /var/cache/fontconfig/87f5e051180a7a75f16eb6fe7dbd3749-le64.cache-3
7fed96719000-7fed96722000 r--s 00000000 08:02 271679                     /var/cache/fontconfig/b79f3aaa7d385a141ab53ec885cc22a8-le64.cache-3
7fed96722000-7fed96724000 r--s 00000000 08:02 276515                     /var/cache/fontconfig/afda88ba2c9de689dfd6d8c6d2e4e427-le64.cache-3
7fed96724000-7fed96728000 r--s 00000000 08:02 276467                     /var/cache/fontconfig/4815f7eb892cb239b46faae198c0f9aa-le64.cache-3
7fed96728000-7fed9672c000 r--s 00000000 08:02 273847                     /var/cache/fontconfig/68fe5182b80ae2709eaaf65e42dcaf33-le64.cache-3
7fed9672c000-7fed9672d000 r--s 00000000 08:02 273842                     /var/cache/fontconfig/ac1b9faef01ec4feb36ba76b98842887-le64.cache-3
7fed9672d000-7fed96730000 r--s 00000000 08:02 273294                     /var/cache/fontconfig/ebb99784de50d4c4223a6523ac9c5d63-le64.cache-3
7fed96730000-7fed9673b000 r--s 00000000 08:02 273229                     /var/cache/fontconfig/8034b44ea17662c765f963e9b699c5b6-le64.cache-3
7fed9673b000-7fed9673c000 r--s 00000000 08:02 272979                     /var/cache/fontconfig/ad3af325ad4e0a82eb2b3e930ff23cd5-le64.cache-3
7fed9673c000-7fed9673e000 r--s 00000000 08:02 272777                     /var/cache/fontconfig/0c76f5ee3a101157014da521290d0599-le64.cache-3
7fed9673e000-7fed96741000 r--s 00000000 08:02 280429                     /var/cache/fontconfig/beeeeb3dfe132a8a0633a017c99ce0c0-le64.cache-3
7fed96813000-7fed96816000 ---p 00000000 00:00 0 
7fed96816000-7fed96914000 rw-p 00000000 00:00 0                          [stack:7968]
7fed96914000-7fed96958000 r-xp 00000000 08:02 937432                     /usr/java/jre1.7.0_05/lib/amd64/libfontmanager.so
7fed96958000-7fed96b58000 ---p 00044000 08:02 937432                     /usr/java/jre1.7.0_05/lib/amd64/libfontmanager.so
7fed96b58000-7fed96b5c000 rw-p 00044000 08:02 937432                     /usr/java/jre1.7.0_05/lib/amd64/libfontmanager.so
7fed96b5c000-7fed96b6c000 rw-p 00000000 00:00 0 
7fed96b6c000-7fed96b71000 r-xp 00000000 08:02 831023                     /usr/lib64/gtk-2.0/modules/libcanberra-gtk-module.so
7fed96b71000-7fed96d70000 ---p 00005000 08:02 831023                     /usr/lib64/gtk-2.0/modules/libcanberra-gtk-module.so
7fed96d70000-7fed96d71000 r--p 00004000 08:02 831023                     /usr/lib64/gtk-2.0/modules/libcanberra-gtk-module.so
7fed96d71000-7fed96d72000 rw-p 00005000 08:02 831023                     /usr/lib64/gtk-2.0/modules/libcanberra-gtk-module.so
7fed96d72000-7fed96d75000 r-xp 00000000 08:02 817203                     /usr/lib64/gtk-2.0/modules/libpk-gtk-module.so
7fed96d75000-7fed96f74000 ---p 00003000 08:02 817203                     /usr/lib64/gtk-2.0/modules/libpk-gtk-module.so
7fed96f74000-7fed96f75000 r--p 00002000 08:02 817203                     /usr/lib64/gtk-2.0/modules/libpk-gtk-module.so
7fed96f75000-7fed96f76000 rw-p 00003000 08:02 817203                     /usr/lib64/gtk-2.0/modules/libpk-gtk-module.so
7fed96f76000-7fed96f9f000 r-xp 00000000 08:02 801193                     /usr/lib64/gtk-2.0/2.10.0/engines/libclearlooks.so
7fed96f9f000-7fed9719e000 ---p 00029000 08:02 801193                     /usr/lib64/gtk-2.0/2.10.0/engines/libclearlooks.so
7fed9719e000-7fed9719f000 rw-p 00028000 08:02 801193                     /usr/lib64/gtk-2.0/2.10.0/engines/libclearlooks.so
7fed9719f000-7fed971a2000 ---p 00000000 00:00 0 
7fed971a2000-7fed972a0000 rw-p 00000000 00:00 0                          [stack:4021]
7fed972a0000-7fed972a3000 ---p 00000000 00:00 0 
7fed972a3000-7fed973a1000 rw-p 00000000 00:00 0                          [stack:4018]
7fed973a1000-7fed973a4000 ---p 00000000 00:00 0 
7fed973a4000-7fed974a2000 rw-p 00000000 00:00 0                          [stack:7947]
7fed974a2000-7fed974a5000 ---p 00000000 00:00 0 
7fed974a5000-7fed975a3000 rw-p 00000000 00:00 0 
7fed975a3000-7fed975a6000 ---p 00000000 00:00 0 
7fed975a6000-7fed976a4000 rw-p 00000000 00:00 0                          [stack:4019]
7fed976a4000-7fed976a7000 ---p 00000000 00:00 0 
7fed976a7000-7fed977a5000 rw-p 00000000 00:00 0                          [stack:4010]
7fed977a5000-7fed977a8000 ---p 00000000 00:00 0 
7fed977a8000-7fed978a6000 rw-p 00000000 00:00 0                          [stack:4000]
7fed978a6000-7fed978a9000 ---p 00000000 00:00 0 
7fed978a9000-7fed979a7000 rw-p 00000000 00:00 0                          [stack:3999]
7fed979a7000-7fed979aa000 ---p 00000000 00:00 0 
7fed979aa000-7fed97aa8000 rw-p 00000000 00:00 0                          [stack:4003]
7fed97aa8000-7fed97aab000 ---p 00000000 00:00 0 
7fed97aab000-7fed97ba9000 rw-p 00000000 00:00 0                          [stack:3997]
7fed97ba9000-7fed97bac000 ---p 00000000 00:00 0 
7fed97bac000-7fed97caa000 rw-p 00000000 00:00 0                          [stack:3995]
7fed97caa000-7fed97cad000 ---p 00000000 00:00 0 
7fed97cad000-7fed97dab000 rw-p 00000000 00:00 0                          [stack:3994]
7fed97dab000-7fed97dfb000 r-xp 00000000 08:02 937564                     /usr/java/jre1.7.0_05/lib/amd64/xawt/libmawt.so
7fed97dfb000-7fed97ffb000 ---p 00050000 08:02 937564                     /usr/java/jre1.7.0_05/lib/amd64/xawt/libmawt.so
7fed97ffb000-7fed97fff000 rw-p 00050000 08:02 937564                     /usr/java/jre1.7.0_05/lib/amd64/xawt/libmawt.so
7fed97fff000-7fed98000000 rw-p 00000000 00:00 0 
7fed98000000-7fed98021000 rw-p 00000000 00:00 0 
7fed98021000-7fed9c000000 ---p 00000000 00:00 0 
7fed9c001000-7fed9c002000 r--s 00000000 08:02 280428                     /var/cache/fontconfig/6fcb01a03a016cc71057b587cdea6709-le64.cache-3
7fed9c002000-7fed9c005000 r--s 00000000 08:02 273066                     /var/cache/fontconfig/cfde08ab28ad1d91784abb10973575e3-le64.cache-3
7fed9c005000-7fed9c00a000 r--s 00000000 08:02 276064                     /var/cache/fontconfig/b67b32625a2bb51b023d3814a918f351-le64.cache-3
7fed9c00a000-7fed9c00c000 r--s 00000000 08:02 269776                     /var/cache/fontconfig/4aee3049ed2424664d2eff200f064e38-le64.cache-3
7fed9c01d000-7fed9c021000 r--s 00000000 08:02 276068                     /var/cache/fontconfig/354bb77460f194fdc34d40d2648e93bc-le64.cache-3
7fed9c021000-7fed9c024000 r--s 00000000 08:02 276599                     /var/cache/fontconfig/7b312f204090bff0956e0e66992a6837-le64.cache-3
7fed9c024000-7fed9c02d000 r--s 00000000 08:02 280425                     /var/cache/fontconfig/12b26b760a24f8b4feb03ad48a333a72-le64.cache-3
7fed9c02d000-7fed9c03f000 r--s 00000000 08:02 280422                     /var/cache/fontconfig/74717c444f6fd72454fa9c9c0ee01ca7-le64.cache-3
7fed9c05f000-7fed9c06b000 r--s 000b0000 08:02 939662                     /usr/java/jre1.7.0_05/lib/resources.jar
7fed9c06b000-7fed9c06e000 r--s 0002d000 08:02 939552                     /usr/java/jre1.7.0_05/lib/ext/sunjce_provider.jar
7fed9c06e000-7fed9c06f000 r--s 00003000 08:02 939551                     /usr/java/jre1.7.0_05/lib/ext/sunec.jar
7fed9c06f000-7fed9c072000 r--s 00018000 08:02 939594                     /usr/java/jre1.7.0_05/lib/jce.jar
7fed9c072000-7fed9c075000 ---p 00000000 00:00 0 
7fed9c075000-7fed9c173000 rw-p 00000000 00:00 0                          [stack:7963]
7fed9c173000-7fed9c215000 r-xp 00000000 08:02 937417                     /usr/java/jre1.7.0_05/lib/amd64/libawt.so
7fed9c215000-7fed9c415000 ---p 000a2000 08:02 937417                     /usr/java/jre1.7.0_05/lib/amd64/libawt.so
7fed9c415000-7fed9c421000 rw-p 000a2000 08:02 937417                     /usr/java/jre1.7.0_05/lib/amd64/libawt.so
7fed9c421000-7fed9c445000 rw-p 00000000 00:00 0 
7fed9c445000-7fed9c448000 ---p 00000000 00:00 0 
7fed9c448000-7fed9c546000 rw-p 00000000 00:00 0                          [stack:3992]
7fed9c546000-7fed9c549000 ---p 00000000 00:00 0 
7fed9c549000-7fed9c647000 rw-p 00000000 00:00 0 
7fed9c647000-7fed9c64a000 ---p 00000000 00:00 0 
7fed9c64a000-7fed9c748000 rw-p 00000000 00:00 0                          [stack:3989]
7fed9c748000-7fed9c758000 r-xp 00000000 08:02 937518                     /usr/java/jre1.7.0_05/lib/amd64/libnio.so
7fed9c758000-7fed9c958000 ---p 00010000 08:02 937518                     /usr/java/jre1.7.0_05/lib/amd64/libnio.so
7fed9c958000-7fed9c959000 rw-p 00010000 08:02 937518                     /usr/java/jre1.7.0_05/lib/amd64/libnio.so
7fed9c959000-7fed9c96e000 r-xp 00000000 08:02 937514                     /usr/java/jre1.7.0_05/lib/amd64/libnet.so
7fed9c96e000-7fed9cb6e000 ---p 00015000 08:02 937514                     /usr/java/jre1.7.0_05/lib/amd64/libnet.so
7fed9cb6e000-7fed9cb6f000 rw-p 00015000 08:02 937514                     /usr/java/jre1.7.0_05/lib/amd64/libnet.so
7fed9cb6f000-7fed9cb72000 ---p 00000000 00:00 0 
7fed9cb72000-7fed9cc70000 rw-p 00000000 00:00 0                          [stack:3988]
7fed9cc70000-7fed9cc8c000 r-xp 00000000 08:02 937425                     /usr/java/jre1.7.0_05/lib/amd64/libdeploy.so
7fed9cc8c000-7fed9ce8b000 ---p 0001c000 08:02 937425                     /usr/java/jre1.7.0_05/lib/amd64/libdeploy.so
7fed9ce8b000-7fed9ce8d000 rw-p 0001b000 08:02 937425                     /usr/java/jre1.7.0_05/lib/amd64/libdeploy.so
7fed9ce8d000-7fed9ce9d000 rw-p 00000000 00:00 0 
7fed9ce9d000-7fed9ce9e000 ---p 00000000 00:00 0 
7fed9ce9e000-7fed9cf9e000 rw-p 00000000 00:00 0                          [stack:3987]
7fed9cf9e000-7fed9cfa1000 ---p 00000000 00:00 0 
7fed9cfa1000-7fed9d09f000 rw-p 00000000 00:00 0                          [stack:3986]
7fed9d09f000-7fed9d0a2000 ---p 00000000 00:00 0 
7fed9d0a2000-7fed9d1a0000 rw-p 00000000 00:00 0                          [stack:3985]
7fed9d1a0000-7fed9d1a3000 ---p 00000000 00:00 0 
7fed9d1a3000-7fed9d2a1000 rw-p 00000000 00:00 0                          [stack:3984]
7fed9d2a1000-7fed9d2a4000 ---p 00000000 00:00 0 
7fed9d2a4000-7fed9d3a2000 rw-p 00000000 00:00 0                          [stack:3983]
7fed9d3a2000-7fed9d3a5000 ---p 00000000 00:00 0 
7fed9d3a5000-7fed9d4a3000 rw-p 00000000 00:00 0                          [stack:3982]
7fed9d4a3000-7fed9d4a6000 ---p 00000000 00:00 0 
7fed9d4a6000-7fed9d5a4000 rw-p 00000000 00:00 0                          [stack:3981]
7fed9d5a4000-7fed9d5a5000 ---p 00000000 00:00 0 
7fed9d5a5000-7feda0000000 rw-p 00000000 00:00 0                          [stack:3980]
7feda0000000-7feda0021000 rw-p 00000000 00:00 0 
7feda0021000-7feda4000000 ---p 00000000 00:00 0 
7feda4001000-7feda4002000 rw-p 00000000 00:00 0 
7feda4002000-7feda4037000 r--s 00000000 08:02 262347                     /var/db/nscd/hosts
7feda4037000-7feda47b1000 rw-p 00000000 00:00 0 
7feda47b1000-7feda47c4000 r--s 000cc000 08:02 939659                     /usr/java/jre1.7.0_05/lib/plugin.jar
7feda47c4000-7feda5000000 rw-p 00000000 00:00 0 
7feda5000000-7feda5270000 rwxp 00000000 00:00 0 
7feda5270000-7feda81fd000 rw-p 00000000 00:00 0 
7feda81fd000-7fedac000000 ---p 00000000 00:00 0 
7fedac000000-7fedac001000 rw-p 00000000 00:00 0 
7fedac001000-7fedac006000 r--s 0007b000 08:02 939663                     /usr/java/jre1.7.0_05/lib/jsse.jar
7fedac006000-7fedac00f000 r--s 00063000 08:02 939593                     /usr/java/jre1.7.0_05/lib/javaws.jar
7fedac00f000-7fedac024000 r--s 00194000 08:02 937609                     /usr/java/jre1.7.0_05/lib/deploy.jar
7fedac024000-7fedac095000 rw-p 00000000 00:00 0 
7fedac095000-7fedac255000 r--s 031f9000 08:02 941388                     /usr/java/jre1.7.0_05/lib/rt.jar
7fedac255000-7fedac256000 ---p 00000000 00:00 0 
7fedac256000-7fedac356000 rw-p 00000000 00:00 0                          [stack:3974]
7fedac356000-7fedac357000 ---p 00000000 00:00 0 
7fedac357000-7fedac457000 rw-p 00000000 00:00 0                          [stack:3973]
7fedac457000-7fedac458000 ---p 00000000 00:00 0 
7fedac458000-7fedac558000 rw-p 00000000 00:00 0                          [stack:3972]
7fedac558000-7fedac559000 ---p 00000000 00:00 0 
7fedac559000-7fedac66b000 rw-p 00000000 00:00 0                          [stack:3971]
7fedac66b000-7fedac682000 rw-p 00000000 00:00 0 
7fedac682000-7fedac6a1000 rw-p 00000000 00:00 0 
7fedac6a1000-7fedac7c6000 rw-p 00000000 00:00 0 
7fedac7c6000-7fedac7d8000 rw-p 00000000 00:00 0 
7fedac7d8000-7fedac7ef000 rw-p 00000000 00:00 0 
7fedac7ef000-7fedac80e000 rw-p 00000000 00:00 0 
7fedac80e000-7fedac933000 rw-p 00000000 00:00 0 
7fedac933000-7fedac977000 rw-p 00000000 00:00 0 
7fedac977000-7fedac97c000 ---p 00000000 00:00 0 
7fedac97c000-7fedac9d5000 rw-p 00000000 00:00 0 
7fedac9d5000-7fedac9e0000 rw-p 00000000 00:00 0 
7fedac9e0000-7fedaca96000 rw-p 00000000 00:00 0 
7fedaca96000-7fedacab0000 r-xp 00000000 08:02 937554                     /usr/java/jre1.7.0_05/lib/amd64/libzip.so
7fedacab0000-7fedaccb0000 ---p 0001a000 08:02 937554                     /usr/java/jre1.7.0_05/lib/amd64/libzip.so
7fedaccb0000-7fedaccb1000 rw-p 0001a000 08:02 937554                     /usr/java/jre1.7.0_05/lib/amd64/libzip.so
7fedaccb1000-7fedacce6000 r--s 00000000 08:02 262141                     /var/db/nscd/passwd
7fedacce6000-7fedacd0f000 r-xp 00000000 08:02 937459                     /usr/java/jre1.7.0_05/lib/amd64/libjava.so
7fedacd0f000-7fedacf0f000 ---p 00029000 08:02 937459                     /usr/java/jre1.7.0_05/lib/amd64/libjava.so
7fedacf0f000-7fedacf11000 rw-p 00029000 08:02 937459                     /usr/java/jre1.7.0_05/lib/amd64/libjava.so
7fedacf11000-7fedacf20000 r-xp 00000000 08:02 937551                     /usr/java/jre1.7.0_05/lib/amd64/libverify.so
7fedacf20000-7fedad11f000 ---p 0000f000 08:02 937551                     /usr/java/jre1.7.0_05/lib/amd64/libverify.so
7fedad11f000-7fedad121000 rw-p 0000e000 08:02 937551                     /usr/java/jre1.7.0_05/lib/amd64/libverify.so
7fedad121000-7fedad124000 ---p 00000000 00:00 0 
7fedad124000-7fedad222000 rw-p 00000000 00:00 0                          [stack:3970]
7fedad222000-7fedadc63000 r-xp 00000000 08:02 937562                     /usr/java/jre1.7.0_05/lib/amd64/server/libjvm.so
7fedadc63000-7fedade62000 ---p 00a41000 08:02 937562                     /usr/java/jre1.7.0_05/lib/amd64/server/libjvm.so
7fedade62000-7fedadf06000 rw-p 00a40000 08:02 937562                     /usr/java/jre1.7.0_05/lib/amd64/server/libjvm.so
7fedadf06000-7fedadf44000 rw-p 00000000 00:00 0 
7fedadf44000-7fedadf5a000 r-xp 00000000 08:02 937407                     /usr/java/jre1.7.0_05/lib/amd64/jli/libjli.so
7fedadf5a000-7fedae159000 ---p 00016000 08:02 937407                     /usr/java/jre1.7.0_05/lib/amd64/jli/libjli.so
7fedae159000-7fedae15a000 rw-p 00015000 08:02 937407                     /usr/java/jre1.7.0_05/lib/amd64/jli/libjli.so
7fedae15a000-7fedae15b000 rw-p 00000000 00:00 0 
7fedae15b000-7fedae15d000 r--s 00000000 08:02 276513                     /var/cache/fontconfig/18db0204b1f108dd01663673626fcd3d-le64.cache-3
7fedae15d000-7fedae15e000 r--s 00000000 08:02 277818                     /var/cache/fontconfig/3640555adad8a8f6978400293cfce7ab-le64.cache-3
7fedae15e000-7fedae186000 rw-p 00000000 00:00 0 
7fedae186000-7fedae18e000 rw-s 00000000 08:02 404107                     /tmp/hsperfdata_pvienne/3969
7fedae18e000-7fedae18f000 rw-p 00000000 00:00 0 
7fedae18f000-7fedae190000 r--p 00000000 00:00 0 
7fedae190000-7fedae191000 rw-p 00000000 00:00 0 
7fffb4df9000-7fffb4e1b000 rw-p 00000000 00:00 0                          [stack]
7fffb4f76000-7fffb4f77000 r-xp 00000000 00:00 0                          [vdso]
ffffffffff600000-ffffffffff601000 r-xp 00000000 00:00 0                  [vsyscall]

VM Arguments:
jvm_args: -D__jvm_launched=500241714 -D__applet_launched=500075578 -Xbootclasspath/a:/usr/java/jre1.7.0_05/lib/deploy.jar:/usr/java/jre1.7.0_05/lib/javaws.jar:/usr/java/jre1.7.0_05/lib/plugin.jar -Dsun.awt.warmup=true 
java_command: sun.plugin2.main.client.PluginMain write_pipe_name=/tmp/.com.sun.deploy.net.socket.3949.5397801881371844956.AF_UNIX
Launcher Type: SUN_STANDARD

Environment Variables:
PATH=/usr/lib64/qt-3.3/bin:/usr/lib64/ccache:/usr/local/bin:/usr/bin:/bin:/usr/local/sbin:/usr/sbin:/sbin:/opt/real/RealPlayer:/user/pvienne/home/.local/bin:/user/pvienne/home/bin:/opt/real/RealPlayer
USERNAME=pvienne
LD_LIBRARY_PATH=/opt/google/chrome:/opt/google/chrome/lib
SHELL=/bin/bash
DISPLAY=:0

Signal Handlers:
SIGSEGV: [libjvm.so+0x8a0d50], sa_mask[0]=0x7ffbfeff, sa_flags=0x10000004
SIGBUS: [libjvm.so+0x8a0d50], sa_mask[0]=0x7ffbfeff, sa_flags=0x10000004
SIGFPE: [libjvm.so+0x73d6e0], sa_mask[0]=0x7ffbfeff, sa_flags=0x10000004
SIGPIPE: SIG_IGN, sa_mask[0]=0x00001000, sa_flags=0x10000000
SIGXFSZ: [libjvm.so+0x73d6e0], sa_mask[0]=0x7ffbfeff, sa_flags=0x10000004
SIGILL: [libjvm.so+0x73d6e0], sa_mask[0]=0x7ffbfeff, sa_flags=0x10000004
SIGUSR1: SIG_DFL, sa_mask[0]=0x00000000, sa_flags=0x00000000
SIGUSR2: [libjvm.so+0x73d030], sa_mask[0]=0x00000004, sa_flags=0x10000004
SIGHUP: [libjvm.so+0x73f3c0], sa_mask[0]=0x7ffbfeff, sa_flags=0x10000004
SIGINT: SIG_IGN, sa_mask[0]=0x00000000, sa_flags=0x00000000
SIGTERM: [libjvm.so+0x73f3c0], sa_mask[0]=0x7ffbfeff, sa_flags=0x10000004
SIGQUIT: [libjvm.so+0x73f3c0], sa_mask[0]=0x7ffbfeff, sa_flags=0x10000004


---------------  S Y S T E M  ---------------

OS:Fedora release 16 (Verne)

uname:Linux 3.4.7-1.fc16.x86_64 #1 SMP Mon Jul 30 16:37:23 UTC 2012 x86_64
libc:glibc 2.14.90 NPTL 2.14.90 
rlimit: STACK 8192k, CORE 0k, NPROC 1024, NOFILE 4096, AS infinity
load average:1.31 1.22 1.05

/proc/meminfo:
MemTotal:        3974200 kB
MemFree:          165048 kB
Buffers:           72856 kB
Cached:           669908 kB
SwapCached:         6508 kB
Active:          2009224 kB
Inactive:         933036 kB
Active(anon):    1604308 kB
Inactive(anon):   629456 kB
Active(file):     404916 kB
Inactive(file):   303580 kB
Unevictable:        3876 kB
Mlocked:            3876 kB
SwapTotal:       4194300 kB
SwapFree:        4152696 kB
Dirty:              9556 kB
Writeback:             0 kB
AnonPages:       2198164 kB
Mapped:           183900 kB
Shmem:             31664 kB
Slab:             700820 kB
SReclaimable:     662952 kB
SUnreclaim:        37868 kB
KernelStack:        5248 kB
PageTables:        42616 kB
NFS_Unstable:          0 kB
Bounce:                0 kB
WritebackTmp:          0 kB
CommitLimit:     6181400 kB
Committed_AS:    4963736 kB
VmallocTotal:   34359738367 kB
VmallocUsed:      144772 kB
VmallocChunk:   34359585788 kB
HardwareCorrupted:     0 kB
AnonHugePages:   1064960 kB
HugePages_Total:       0
HugePages_Free:        0
HugePages_Rsvd:        0
HugePages_Surp:        0
Hugepagesize:       2048 kB
DirectMap4k:      522620 kB
DirectMap2M:     3596288 kB


CPU:total 4 (2 cores per cpu, 2 threads per core) family 6 model 37 stepping 5, cmov, cx8, fxsr, mmx, sse, sse2, sse3, ssse3, sse4.1, sse4.2, popcnt, ht, tsc, tscinvbit

/proc/cpuinfo:
processor	: 0
vendor_id	: GenuineIntel
cpu family	: 6
model		: 37
model name	: Intel(R) Core(TM) i5 CPU       M 540  @ 2.53GHz
stepping	: 5
microcode	: 0x3
cpu MHz		: 2534.000
cache size	: 3072 KB
physical id	: 0
siblings	: 4
core id		: 0
cpu cores	: 2
apicid		: 0
initial apicid	: 0
fpu		: yes
fpu_exception	: yes
cpuid level	: 11
wp		: yes
flags		: fpu vme de pse tsc msr pae mce cx8 apic sep mtrr pge mca cmov pat pse36 clflush dts acpi mmx fxsr sse sse2 ss ht tm pbe syscall nx rdtscp lm constant_tsc arch_perfmon pebs bts rep_good nopl xtopology nonstop_tsc aperfmperf pni pclmulqdq dtes64 monitor ds_cpl vmx smx est tm2 ssse3 cx16 xtpr pdcm pcid sse4_1 sse4_2 popcnt aes lahf_lm ida arat dtherm tpr_shadow vnmi flexpriority ept vpid
bogomips	: 5053.87
clflush size	: 64
cache_alignment	: 64
address sizes	: 36 bits physical, 48 bits virtual
power management:

processor	: 1
vendor_id	: GenuineIntel
cpu family	: 6
model		: 37
model name	: Intel(R) Core(TM) i5 CPU       M 540  @ 2.53GHz
stepping	: 5
microcode	: 0x3
cpu MHz		: 2534.000
cache size	: 3072 KB
physical id	: 0
siblings	: 4
core id		: 2
cpu cores	: 2
apicid		: 4
initial apicid	: 4
fpu		: yes
fpu_exception	: yes
cpuid level	: 11
wp		: yes
flags		: fpu vme de pse tsc msr pae mce cx8 apic sep mtrr pge mca cmov pat pse36 clflush dts acpi mmx fxsr sse sse2 ss ht tm pbe syscall nx rdtscp lm constant_tsc arch_perfmon pebs bts rep_good nopl xtopology nonstop_tsc aperfmperf pni pclmulqdq dtes64 monitor ds_cpl vmx smx est tm2 ssse3 cx16 xtpr pdcm pcid sse4_1 sse4_2 popcnt aes lahf_lm ida arat dtherm tpr_shadow vnmi flexpriority ept vpid
bogomips	: 5053.87
clflush size	: 64
cache_alignment	: 64
address sizes	: 36 bits physical, 48 bits virtual
power management:

processor	: 2
vendor_id	: GenuineIntel
cpu family	: 6
model		: 37
model name	: Intel(R) Core(TM) i5 CPU       M 540  @ 2.53GHz
stepping	: 5
microcode	: 0x3
cpu MHz		: 2534.000
cache size	: 3072 KB
physical id	: 0
siblings	: 4
core id		: 0
cpu cores	: 2
apicid		: 1
initial apicid	: 1
fpu		: yes
fpu_exception	: yes
cpuid level	: 11
wp		: yes
flags		: fpu vme de pse tsc msr pae mce cx8 apic sep mtrr pge mca cmov pat pse36 clflush dts acpi mmx fxsr sse sse2 ss ht tm pbe syscall nx rdtscp lm constant_tsc arch_perfmon pebs bts rep_good nopl xtopology nonstop_tsc aperfmperf pni pclmulqdq dtes64 monitor ds_cpl vmx smx est tm2 ssse3 cx16 xtpr pdcm pcid sse4_1 sse4_2 popcnt aes lahf_lm ida arat dtherm tpr_shadow vnmi flexpriority ept vpid
bogomips	: 5053.87
clflush size	: 64
cache_alignment	: 64
address sizes	: 36 bits physical, 48 bits virtual
power management:

processor	: 3
vendor_id	: GenuineIntel
cpu family	: 6
model		: 37
model name	: Intel(R) Core(TM) i5 CPU       M 540  @ 2.53GHz
stepping	: 5
microcode	: 0x3
cpu MHz		: 1999.000
cache size	: 3072 KB
physical id	: 0
siblings	: 4
core id		: 2
cpu cores	: 2
apicid		: 5
initial apicid	: 5
fpu		: yes
fpu_exception	: yes
cpuid level	: 11
wp		: yes
flags		: fpu vme de pse tsc msr pae mce cx8 apic sep mtrr pge mca cmov pat pse36 clflush dts acpi mmx fxsr sse sse2 ss ht tm pbe syscall nx rdtscp lm constant_tsc arch_perfmon pebs bts rep_good nopl xtopology nonstop_tsc aperfmperf pni pclmulqdq dtes64 monitor ds_cpl vmx smx est tm2 ssse3 cx16 xtpr pdcm pcid sse4_1 sse4_2 popcnt aes lahf_lm ida arat dtherm tpr_shadow vnmi flexpriority ept vpid
bogomips	: 5053.87
clflush size	: 64
cache_alignment	: 64
address sizes	: 36 bits physical, 48 bits virtual
power management:



Memory: 4k page, physical 3974200k(165048k free), swap 4194300k(4152696k free)

vm_info: Java HotSpot(TM) 64-Bit Server VM (23.1-b03) for linux-amd64 JRE (1.7.0_05-b06), built on Jun 27 2012 00:11:08 by "java_re" with gcc 4.3.0 20080428 (Red Hat 4.3.0-8)

time: Tue Aug 14 11:26:35 2012
elapsed time: 11961 seconds

